TN:
SF:src/modificacion/addreduce.ts
FN:11,(anonymous_0)
FN:19,(anonymous_1)
FN:21,(anonymous_2)
FN:32,(anonymous_3)
FN:38,clienteSuma
FNF:5
FNH:5
FNDA:2,(anonymous_0)
FNDA:2,(anonymous_1)
FNDA:8,(anonymous_2)
FNDA:2,(anonymous_3)
FNDA:1,clienteSuma
DA:1,1
DA:6,1
DA:12,2
DA:20,2
DA:21,2
DA:22,8
DA:25,2
DA:26,2
DA:33,2
DA:39,1
DA:42,1
LF:11
LH:11
BRF:0
BRH:0
end_of_record
TN:
SF:src/modificacion/modificacion.ts
FN:10,(anonymous_0)
FN:16,(anonymous_1)
FN:36,(anonymous_2)
FN:43,(anonymous_3)
FNF:4
FNH:3
FNDA:4,(anonymous_0)
FNDA:4,(anonymous_1)
FNDA:4,(anonymous_2)
FNDA:0,(anonymous_3)
DA:5,1
DA:10,4
DA:18,4
DA:20,4
DA:23,4
DA:25,4
DA:37,4
LF:7
LH:7
BRF:0
BRH:0
end_of_record
TN:
SF:src/modificacion/restreduce.ts
FN:11,(anonymous_0)
FN:19,(anonymous_1)
FN:21,(anonymous_2)
FN:32,(anonymous_3)
FN:38,clienteResta
FNF:5
FNH:5
FNDA:2,(anonymous_0)
FNDA:2,(anonymous_1)
FNDA:8,(anonymous_2)
FNDA:2,(anonymous_3)
FNDA:1,clienteResta
DA:1,1
DA:6,1
DA:12,2
DA:20,2
DA:21,2
DA:22,8
DA:25,2
DA:26,2
DA:33,2
DA:39,1
DA:42,1
LF:11
LH:11
BRF:0
BRH:0
end_of_record
TN:
SF:src/notas/gestionNota.ts
FN:8,(anonymous_0)
FN:30,(anonymous_1)
FN:44,(anonymous_2)
FN:58,(anonymous_3)
FN:60,(anonymous_4)
FN:76,(anonymous_5)
FNF:6
FNH:6
FNDA:2,(anonymous_0)
FNDA:2,(anonymous_1)
FNDA:2,(anonymous_2)
FNDA:2,(anonymous_3)
FNDA:4,(anonymous_4)
FNDA:2,(anonymous_5)
DA:1,1
DA:2,1
DA:3,1
DA:5,1
DA:7,1
DA:9,2
DA:10,0
DA:12,0
DA:17,2
DA:18,1
DA:19,1
DA:21,1
DA:22,1
DA:24,1
DA:25,1
DA:31,2
DA:32,1
DA:33,1
DA:35,1
DA:37,1
DA:39,1
DA:45,2
DA:46,1
DA:48,1
DA:49,1
DA:50,1
DA:52,1
DA:53,1
DA:59,2
DA:60,1
DA:61,4
DA:62,4
DA:63,4
DA:65,4
DA:68,1
DA:70,1
DA:71,1
DA:77,2
DA:78,1
DA:79,1
DA:80,1
DA:81,1
DA:82,1
DA:84,1
DA:86,1
DA:87,1
LF:46
LH:44
BRDA:9,0,0,0
BRDA:9,0,1,2
BRDA:17,1,0,1
BRDA:17,1,1,1
BRDA:31,2,0,1
BRDA:31,2,1,1
BRDA:45,3,0,1
BRDA:45,3,1,1
BRDA:59,4,0,1
BRDA:59,4,1,1
BRDA:59,5,0,2
BRDA:59,5,1,1
BRDA:77,6,0,1
BRDA:77,6,1,1
BRF:14
BRH:13
end_of_record
TN:
SF:src/notas/imprimirNota.ts
FN:4,(anonymous_0)
FN:6,(anonymous_1)
FNF:2
FNH:2
FNDA:3,(anonymous_0)
FNDA:3,(anonymous_1)
DA:3,1
DA:4,3
DA:7,3
LF:3
LH:3
BRF:0
BRH:0
end_of_record
TN:
SF:src/notas/nota.ts
FN:5,(anonymous_0)
FN:7,(anonymous_1)
FN:11,(anonymous_2)
FN:15,(anonymous_3)
FN:19,(anonymous_4)
FN:23,(anonymous_5)
FN:27,(anonymous_6)
FNF:7
FNH:7
FNDA:9,(anonymous_0)
FNDA:10,(anonymous_1)
FNDA:6,(anonymous_2)
FNDA:11,(anonymous_3)
FNDA:1,(anonymous_4)
FNDA:1,(anonymous_5)
FNDA:1,(anonymous_6)
DA:4,1
DA:5,9
DA:8,10
DA:12,6
DA:16,11
DA:20,1
DA:24,1
DA:28,1
LF:8
LH:8
BRF:0
BRH:0
end_of_record
