TN:
SF:src/addreduce.ts
FN:11,(anonymous_0)
FN:19,(anonymous_1)
FN:21,(anonymous_2)
FN:32,(anonymous_3)
FN:38,clienteSuma
FNF:5
FNH:5
FNDA:2,(anonymous_0)
FNDA:2,(anonymous_1)
FNDA:8,(anonymous_2)
FNDA:2,(anonymous_3)
FNDA:1,clienteSuma
DA:1,1
DA:6,1
DA:12,2
DA:20,2
DA:21,2
DA:22,8
DA:25,2
DA:26,2
DA:33,2
DA:39,1
DA:42,1
LF:11
LH:11
BRF:0
BRH:0
end_of_record
TN:
SF:src/modificacion.ts
FN:10,(anonymous_0)
FN:16,(anonymous_1)
FN:36,(anonymous_2)
FN:43,(anonymous_3)
FNF:4
FNH:3
FNDA:4,(anonymous_0)
FNDA:4,(anonymous_1)
FNDA:4,(anonymous_2)
FNDA:0,(anonymous_3)
DA:5,1
DA:10,4
DA:18,4
DA:20,4
DA:23,4
DA:25,4
DA:37,4
LF:7
LH:7
BRF:0
BRH:0
end_of_record
TN:
SF:src/restreduce.ts
FN:11,(anonymous_0)
FN:19,(anonymous_1)
FN:21,(anonymous_2)
FN:32,(anonymous_3)
FN:38,clienteResta
FNF:5
FNH:5
FNDA:2,(anonymous_0)
FNDA:2,(anonymous_1)
FNDA:8,(anonymous_2)
FNDA:2,(anonymous_3)
FNDA:1,clienteResta
DA:1,1
DA:6,1
DA:12,2
DA:20,2
DA:21,2
DA:22,8
DA:25,2
DA:26,2
DA:33,2
DA:39,1
DA:42,1
LF:11
LH:11
BRF:0
BRH:0
end_of_record
